<?xml version="1.0" encoding="UTF-8"?>
<!-- Generated by org.testng.reporters.JUnitReportReporter -->
<testsuite hostname="Win7x64" failures="0" tests="2" name="Udemy_Mobile_Automation.basics" time="26.587" errors="0" timestamp="2020-04-12T14:29:17 IST" skipped="0">
  <testcase classname="Udemy_Mobile_Automation.basics" name="Desiredcapabilities" time="19.258"/>
  <testcase classname="Udemy_Mobile_Automation.basics" name="test1" time="7.329"/>
</testsuite> <!-- Udemy_Mobile_Automation.basics -->
