<?xml version="1.0" encoding="UTF-8"?>
<!-- Generated by org.testng.reporters.JUnitReportReporter -->
<testsuite skipped="0" hostname="Win7x64" name="apidemos.LongPress" tests="1" failures="0" timestamp="2020-09-20T12:01:24 IST" time="47.323" errors="0">
  <testcase name="tc_InvokeApp" time="47.323" classname="apidemos.LongPress"/>
</testsuite> <!-- apidemos.LongPress -->
