<?xml version="1.0" encoding="UTF-8"?>
<!-- Generated by org.testng.reporters.JUnitReportReporter -->
<testsuite skipped="0" hostname="Win7x64" name="apidemos.ListDiologue" tests="1" failures="0" timestamp="2020-09-14T19:04:52 IST" time="72.748" errors="0">
  <testcase name="tc_InvokeApp" time="72.748" classname="apidemos.ListDiologue"/>
</testsuite> <!-- apidemos.ListDiologue -->
