<?xml version="1.0" encoding="UTF-8"?>
<!-- Generated by org.testng.reporters.JUnitReportReporter -->
<testsuite skipped="0" hostname="Win7x64" name="apidemos.DropdownHandle1" tests="1" failures="0" timestamp="2020-09-14T21:06:25 IST" time="34.504" errors="0">
  <testcase name="tc_InvokeApp" time="34.504" classname="apidemos.DropdownHandle1"/>
</testsuite> <!-- apidemos.DropdownHandle1 -->
