<?xml version="1.0" encoding="UTF-8"?>
<!-- Generated by org.testng.reporters.JUnitReportReporter -->
<testsuite hostname="Win7x64" failures="0" tests="1" name="com.cricinfo.mobileautomation.Assignment3" time="95.360" errors="0" timestamp="2020-02-12T19:23:47 IST" skipped="0">
  <testcase classname="com.cricinfo.mobileautomation.Assignment3" name="desiredCapabalities" time="95.360"/>
</testsuite> <!-- com.cricinfo.mobileautomation.Assignment3 -->
