<?xml version="1.0" encoding="UTF-8"?>
<!-- Generated by org.testng.reporters.JUnitReportReporter -->
<testsuite skipped="0" hostname="Win7x64" name="apidemos.Scroll" tests="1" failures="0" timestamp="2020-09-20T12:53:04 IST" time="41.633" errors="0">
  <testcase name="tc_InvokeApp" time="41.633" classname="apidemos.Scroll"/>
</testsuite> <!-- apidemos.Scroll -->
