<?xml version="1.0" encoding="UTF-8"?>
<!-- Generated by org.testng.reporters.JUnitReportReporter -->
<testsuite skipped="0" hostname="Win7x64" name="apidemos.ChromeTest" tests="1" failures="0" timestamp="2020-09-20T19:14:33 IST" time="20.127" errors="0">
  <testcase name="InvokeApp" time="20.127" classname="apidemos.ChromeTest"/>
</testsuite> <!-- apidemos.ChromeTest -->
