<?xml version="1.0" encoding="UTF-8"?>
<!-- Generated by org.testng.reporters.JUnitReportReporter -->
<testsuite hostname="Win7x64" failures="0" tests="1" name="com.cricinfo.mobileautomation.Assignment5" time="3.788" errors="0" timestamp="2020-02-15T10:18:00 IST" skipped="0">
  <testcase classname="com.cricinfo.mobileautomation.Assignment5" name="desiredCapabalities" time="3.788"/>
</testsuite> <!-- com.cricinfo.mobileautomation.Assignment5 -->
