<?xml version="1.0" encoding="UTF-8"?>
<!-- Generated by org.testng.reporters.JUnitReportReporter -->
<testsuite hostname="Win7x64" failures="0" tests="1" name="Udemy_Mobile_Automation.base" time="25.381" errors="0" timestamp="2020-09-13T14:52:28 IST" skipped="0">
  <testcase classname="Udemy_Mobile_Automation.base" name="Desiredcapabilities" time="25.381"/>
</testsuite> <!-- Udemy_Mobile_Automation.base -->
