<?xml version="1.0" encoding="UTF-8"?>
<!-- Generated by org.testng.reporters.JUnitReportReporter -->
<testsuite skipped="0" hostname="Win7x64" name="apidemos.KeyEvents" tests="1" failures="0" timestamp="2020-09-14T20:43:13 IST" time="28.392" errors="0">
  <testcase name="tc_InvokeApp" time="28.392" classname="apidemos.KeyEvents"/>
</testsuite> <!-- apidemos.KeyEvents -->
