<?xml version="1.0" encoding="UTF-8"?>
<!-- Generated by org.testng.reporters.JUnitReportReporter -->
<testsuite skipped="0" hostname="Win7x64" name="apidemos.Swipe" tests="1" failures="0" timestamp="2020-09-19T20:20:30 IST" time="48.593" errors="0">
  <testcase name="tc_InvokeApp" time="48.593" classname="apidemos.Swipe"/>
</testsuite> <!-- apidemos.Swipe -->
