<?xml version="1.0" encoding="UTF-8"?>
<!-- Generated by org.testng.reporters.JUnitReportReporter -->
<testsuite hostname="Win7x64" failures="0" tests="1" name="com.cricinfo.mobileautomation.Assignment4" time="65.036" errors="0" timestamp="2020-02-15T10:45:21 IST" skipped="0">
  <testcase classname="com.cricinfo.mobileautomation.Assignment4" name="desiredCapabalities" time="65.036"/>
</testsuite> <!-- com.cricinfo.mobileautomation.Assignment4 -->
