<?xml version="1.0" encoding="UTF-8"?>
<!-- Generated by org.testng.reporters.JUnitReportReporter -->
<testsuite hostname="Win7x64" failures="0" tests="1" name="com.cricinfo.mobileautomation.Assignment6" time="47.454" errors="0" timestamp="2020-03-07T16:28:09 IST" skipped="0">
  <testcase classname="com.cricinfo.mobileautomation.Assignment6" name="testcase1" time="47.454"/>
</testsuite> <!-- com.cricinfo.mobileautomation.Assignment6 -->
