<?xml version="1.0" encoding="UTF-8"?>
<!-- Generated by org.testng.reporters.JUnitReportReporter -->
<testsuite skipped="0" hostname="Win7x64" name="apidemos.TextEntryDiologue" tests="1" failures="0" timestamp="2020-09-14T19:55:28 IST" time="31.112" errors="0">
  <testcase name="tc_InvokeApp" time="31.112" classname="apidemos.TextEntryDiologue"/>
</testsuite> <!-- apidemos.TextEntryDiologue -->
