<?xml version="1.0" encoding="UTF-8"?>
<!-- Generated by org.testng.reporters.JUnitReportReporter -->
<testsuite skipped="0" hostname="Win7x64" name="apidemos.RadioButton" tests="1" failures="0" timestamp="2020-09-14T19:36:36 IST" time="33.673" errors="0">
  <testcase name="tc_InvokeApp" time="33.673" classname="apidemos.RadioButton"/>
</testsuite> <!-- apidemos.RadioButton -->
