<?xml version="1.0" encoding="UTF-8"?>
<!-- Generated by org.testng.reporters.JUnitReportReporter -->
<testsuite hostname="Win7x64" failures="0" tests="1" name="apidemos.AlertsTest" time="68.383" errors="0" timestamp="2020-09-14T09:08:36 IST" skipped="0">
  <testcase classname="apidemos.AlertsTest" name="tc_InvokeApp" time="68.383"/>
</testsuite> <!-- apidemos.AlertsTest -->
