<?xml version="1.0" encoding="UTF-8"?>
<!-- Generated by org.testng.reporters.JUnitReportReporter -->
<testsuite hostname="Win7x64" failures="0" tests="1" name="Tasks" time="16.332" errors="0" timestamp="2020-03-24T12:30:05 IST" skipped="0">
  <testcase classname="Tasks" name="desiredCapabalities" time="16.332"/>
</testsuite> <!-- Tasks -->
