<?xml version="1.0" encoding="UTF-8"?>
<!-- Generated by org.testng.reporters.JUnitReportReporter -->
<testsuite skipped="0" hostname="Win7x64" name="apidemos.MultipleObject" tests="1" failures="0" timestamp="2020-09-14T20:12:46 IST" time="26.378" errors="0">
  <testcase name="tc_InvokeApp" time="26.378" classname="apidemos.MultipleObject"/>
</testsuite> <!-- apidemos.MultipleObject -->
