<?xml version="1.0" encoding="UTF-8"?>
<!-- Generated by org.testng.reporters.JUnitReportReporter -->
<testsuite hostname="Win7x64" failures="0" tests="1" name="com.cricinfo.mobileautomation.Assignment1" time="4.362" errors="0" timestamp="2020-03-17T20:40:13 IST" skipped="0">
  <testcase classname="com.cricinfo.mobileautomation.Assignment1" name="desiredCapabalities" time="4.362"/>
</testsuite> <!-- com.cricinfo.mobileautomation.Assignment1 -->
