<?xml version="1.0" encoding="UTF-8"?>
<!-- Generated by org.testng.reporters.JUnitReportReporter -->
<testsuite hostname="Win7x64" failures="0" tests="1" name="com.Practice.applicatin.LaunchActivity" time="44.502" errors="0" timestamp="2020-03-22T23:39:02 IST" skipped="0">
  <testcase classname="com.Practice.applicatin.LaunchActivity" name="Desiredcapabilities" time="44.502"/>
</testsuite> <!-- com.Practice.applicatin.LaunchActivity -->
