<?xml version="1.0" encoding="UTF-8"?>
<!-- Generated by org.testng.reporters.JUnitReportReporter -->
<testsuite hostname="Win7x64" failures="0" tests="1" name="Udemy_Mobile_Automation.Tap" time="5.050" errors="0" timestamp="2020-04-12T20:25:20 IST" skipped="0">
  <testcase classname="Udemy_Mobile_Automation.Tap" name="Tapaction" time="5.050"/>
</testsuite> <!-- Udemy_Mobile_Automation.Tap -->
