<?xml version="1.0" encoding="UTF-8"?>
<!-- Generated by org.testng.reporters.JUnitReportReporter -->
<testsuite skipped="0" hostname="Win7x64" name="apidemos.ToastMsg" tests="1" failures="0" timestamp="2020-09-20T13:35:37 IST" time="62.082" errors="0">
  <testcase name="tc_InvokeApp" time="62.082" classname="apidemos.ToastMsg"/>
</testsuite> <!-- apidemos.ToastMsg -->
