<?xml version="1.0" encoding="UTF-8"?>
<!-- Generated by org.testng.reporters.JUnitReportReporter -->
<testsuite skipped="0" hostname="Win7x64" name="apidemos.TapTest" tests="1" failures="0" timestamp="2020-09-19T10:28:53 IST" time="31.932" errors="0">
  <testcase name="tc_InvokeApp" time="31.932" classname="apidemos.TapTest"/>
</testsuite> <!-- apidemos.TapTest -->
