<?xml version="1.0" encoding="UTF-8"?>
<!-- Generated by org.testng.reporters.JUnitReportReporter -->
<testsuite skipped="0" hostname="Win7x64" name="com.cricinfo.mobileautomation.Mobileautomation" tests="1" failures="0" timestamp="2020-02-09T13:22:42 IST" time="37.630" errors="0">
  <testcase name="Mobile" time="37.630" classname="com.cricinfo.mobileautomation.Mobileautomation"/>
</testsuite> <!-- com.cricinfo.mobileautomation.Mobileautomation -->
