<?xml version="1.0" encoding="UTF-8"?>
<!-- Generated by org.testng.reporters.JUnitReportReporter -->
<testsuite hostname="Win7x64" failures="0" tests="1" name="com.cricinfo.mobileautomation.Mobileautomation3" time="0.924" errors="0" timestamp="2020-03-22T13:05:29 IST" skipped="0">
  <testcase classname="com.cricinfo.mobileautomation.Mobileautomation3" name="desiredCapabalities" time="0.924"/>
</testsuite> <!-- com.cricinfo.mobileautomation.Mobileautomation3 -->
