<?xml version="1.0" encoding="UTF-8"?>
<!-- Generated by org.testng.reporters.JUnitReportReporter -->
<testsuite skipped="0" hostname="Win7x64" name="com.cricinfo.mobileautomation.Mobileautomation2" tests="1" failures="0" timestamp="2020-02-09T12:41:53 IST" time="2.929" errors="0">
  <testcase name="testcases" time="2.929" classname="com.cricinfo.mobileautomation.Mobileautomation2"/>
</testsuite> <!-- com.cricinfo.mobileautomation.Mobileautomation2 -->
