<?xml version="1.0" encoding="UTF-8"?>
<!-- Generated by org.testng.reporters.JUnitReportReporter -->
<testsuite skipped="0" hostname="Win7x64" name="apidemos.HorizontalScroll" tests="1" failures="0" timestamp="2020-09-20T13:31:14 IST" time="35.216" errors="0">
  <testcase name="tc_InvokeApp" time="35.216" classname="apidemos.HorizontalScroll"/>
</testsuite> <!-- apidemos.HorizontalScroll -->
