<?xml version="1.0" encoding="UTF-8"?>
<!-- Generated by org.testng.reporters.JUnitReportReporter -->
<testsuite hostname="Win7x64" failures="0" tests="1" name="apidemos.LocatorsMobileApp" time="37.110" errors="0" timestamp="2020-09-13T18:27:21 IST" skipped="0">
  <testcase classname="apidemos.LocatorsMobileApp" name="Desiredcapabilities" time="37.110"/>
</testsuite> <!-- apidemos.LocatorsMobileApp -->
