<?xml version="1.0" encoding="UTF-8"?>
<!-- Generated by org.testng.reporters.JUnitReportReporter -->
<testsuite hostname="Win7x64" failures="0" tests="1" name="com.cricinfo.mobileautomation.Assignment2" time="79.086" errors="0" timestamp="2020-07-27T22:39:36 IST" skipped="0">
  <testcase classname="com.cricinfo.mobileautomation.Assignment2" name="desiredCapabalities" time="79.086"/>
</testsuite> <!-- com.cricinfo.mobileautomation.Assignment2 -->
