<?xml version="1.0" encoding="UTF-8"?>
<!-- Generated by org.testng.reporters.JUnitReportReporter -->
<testsuite skipped="0" hostname="Win7x64" name="apidemos.DragAndDrop" tests="1" failures="0" timestamp="2020-09-19T12:19:40 IST" time="37.604" errors="0">
  <testcase name="tc_InvokeApp" time="37.604" classname="apidemos.DragAndDrop"/>
</testsuite> <!-- apidemos.DragAndDrop -->
